<?xml version="1.0" encoding="UTF-8"?>
<!-- Generated by org.testng.reporters.JUnitReportReporter -->
<testsuite hostname="Ivakis-PC" failures="0" tests="1" name="RegisterPageTests" time="5.059" errors="0" timestamp="2024-04-16T19:23:37 EEST" skipped="0">
  <testcase classname="RegisterPageTests" name="registerUser" time="5.059"/>
  <system-out/>
</testsuite> <!-- RegisterPageTests -->
