<?xml version="1.0" encoding="UTF-8"?>
<!-- Generated by org.testng.reporters.JUnitReportReporter -->
<testsuite hostname="Ivakis-PC" failures="0" tests="2" name="ProfilePageTests" time="13.891" errors="0" timestamp="2024-04-16T19:23:37 EEST" skipped="0">
  <testcase classname="ProfilePageTests" name="testPostPicture" time="8.169"/>
  <system-out/>
  <testcase classname="ProfilePageTests" name="deletePostPicture" time="5.722"/>
  <system-out/>
</testsuite> <!-- ProfilePageTests -->
