<?xml version="1.0" encoding="UTF-8"?>
<!-- Generated by org.testng.reporters.JUnitReportReporter -->
<testsuite hostname="Ivakis-PC" failures="0" tests="5" name="ProjectTests" time="27.998" errors="0" timestamp="2024-04-12T09:31:58 EEST" skipped="0">
  <testcase classname="ProjectTests" name="loginAndOutTest" time="4.342"/>
  <system-out/>
  <testcase classname="ProjectTests" name="deletePostPicture" time="4.782"/>
  <system-out/>
  <testcase classname="ProjectTests" name="registerUser" time="4.657"/>
  <system-out/>
  <testcase classname="ProjectTests" name="testPostPicture" time="7.578"/>
  <system-out/>
  <testcase classname="ProjectTests" name="likePostTest" time="6.639"/>
  <system-out/>
</testsuite> <!-- ProjectTests -->
