<?xml version="1.0" encoding="UTF-8"?>
<!-- Generated by org.testng.reporters.JUnitReportReporter -->
<testsuite hostname="Ivakis-PC" failures="0" tests="5" name="ProjectTests" time="33.571" errors="0" timestamp="2024-04-10T19:57:11 EEST" skipped="0">
  <testcase classname="ProjectTests" name="likePostTest" time="6.157"/>
  <system-out/>
  <testcase classname="ProjectTests" name="deletePostPicture" time="4.148"/>
  <system-out/>
  <testcase classname="ProjectTests" name="loginAndOutTest" time="4.133"/>
  <system-out/>
  <testcase classname="ProjectTests" name="testPostPicture" time="13.739"/>
  <system-out/>
  <testcase classname="ProjectTests" name="registerUser" time="5.394"/>
  <system-out/>
</testsuite> <!-- ProjectTests -->
