<?xml version="1.0" encoding="UTF-8"?>
<!-- Generated by org.testng.reporters.JUnitReportReporter -->
<testsuite hostname="Ivakis-PC" failures="0" tests="1" name="LoginPageTests" time="5.867" errors="0" timestamp="2024-04-16T19:23:37 EEST" skipped="0">
  <testcase classname="LoginPageTests" name="loginAndOutTest" time="5.867"/>
  <system-out/>
</testsuite> <!-- LoginPageTests -->
