<?xml version="1.0" encoding="UTF-8"?>
<!-- Generated by org.testng.reporters.JUnitReportReporter -->
<testsuite hostname="Ivakis-PC" failures="0" tests="5" name="ProjectTests" time="26.717" errors="0" timestamp="2024-04-12T09:53:14 EEST" skipped="0">
  <testcase classname="ProjectTests" name="likePostTest" time="5.394"/>
  <system-out/>
  <testcase classname="ProjectTests" name="deletePostPicture" time="4.660"/>
  <system-out/>
  <testcase classname="ProjectTests" name="loginAndOutTest" time="4.830"/>
  <system-out/>
  <testcase classname="ProjectTests" name="registerUser" time="5.400"/>
  <system-out/>
  <testcase classname="ProjectTests" name="testPostPicture" time="6.433"/>
  <system-out/>
</testsuite> <!-- ProjectTests -->
