<?xml version="1.0" encoding="UTF-8"?>
<!-- Generated by org.testng.reporters.JUnitReportReporter -->
<testsuite hostname="Ivakis-PC" failures="0" tests="1" name="HomePageTests" time="6.158" errors="0" timestamp="2024-04-16T19:23:37 EEST" skipped="0">
  <testcase classname="HomePageTests" name="likePostTest" time="6.158"/>
  <system-out/>
</testsuite> <!-- HomePageTests -->
