<?xml version="1.0" encoding="UTF-8"?>
<!-- Generated by org.testng.reporters.JUnitReportReporter -->
<testsuite hostname="Ivakis-PC" failures="0" tests="5" name="ProjectTests" time="27.636" errors="0" timestamp="2024-04-10T18:08:26 EEST" skipped="0">
  <testcase classname="ProjectTests" name="loginAndOutTest" time="4.180"/>
  <system-out/>
  <testcase classname="ProjectTests" name="testPostPicture" time="7.172"/>
  <system-out/>
  <testcase classname="ProjectTests" name="deletePostPicture" time="4.633"/>
  <system-out/>
  <testcase classname="ProjectTests" name="registerUser" time="5.399"/>
  <system-out/>
  <testcase classname="ProjectTests" name="likePostTest" time="6.252"/>
  <system-out/>
</testsuite> <!-- ProjectTests -->
